<?xml version="1.0" encoding="UTF-8"?>
<!-- Generated by org.testng.reporters.JUnitReportReporter -->
<testsuite hostname="DESKTOP-5VOUIHQ" failures="0" tests="1" name="com.Cortex.Cases.EbayTest" time="17.341" errors="0" timestamp="2022-08-06T17:13:11 IST" skipped="0">
  <testcase classname="com.Cortex.Cases.EbayTest" name="Price" time="17.341"/>
  <system-out/>
</testsuite> <!-- com.Cortex.Cases.EbayTest -->
